<?xml version="1.0" encoding="UTF-8"?>
<!-- Generated by org.testng.reporters.JUnitReportReporter -->
<testsuite skipped="0" hostname="DESKTOP-VF69006" name="qaclickacademy.Mavenjava.AppiumTest" tests="2" failures="0" timestamp="2021-05-29T09:27:26 IST" time="0.019" errors="0">
  <testcase name="postJira" time="0.001" classname="qaclickacademy.Mavenjava.AppiumTest"/>
  <system-out/>
  <testcase name="deleteTwitter" time="0.018" classname="qaclickacademy.Mavenjava.AppiumTest"/>
  <system-out/>
</testsuite> <!-- qaclickacademy.Mavenjava.AppiumTest -->
