<?xml version="1.0" encoding="UTF-8"?>
<!-- Generated by org.testng.reporters.JUnitReportReporter -->
<testsuite skipped="0" hostname="DESKTOP-VF69006" name="qaclickacademy.Mavenjava.APITest" tests="2" failures="0" timestamp="2021-05-22T09:01:49 IST" time="0.004" errors="0">
  <testcase name="nativeMblAutomation" time="0.001" classname="qaclickacademy.Mavenjava.APITest"/>
  <system-out/>
  <testcase name="iosAutomation" time="0.003" classname="qaclickacademy.Mavenjava.APITest"/>
  <system-out/>
</testsuite> <!-- qaclickacademy.Mavenjava.APITest -->
